sending incremental file list
components.json
next-env.d.ts
next.config.js
package.json
postcss.config.js
tailwind.config.ts
tsconfig.json
app/
app/globals.css
app/layout.tsx
app/page.tsx
app/about/
app/about/page.tsx
app/api/
app/blog/
app/blog/page.tsx
app/blog/[slug]/
app/blog/[slug]/page.tsx
app/contact/
app/contact/page.tsx
app/demo/
app/demo/page.tsx
app/faq/
app/faq/page.tsx
app/forgot-password/
app/forgot-password/page.tsx
app/help/
app/help/page.tsx
app/login/
app/login/page.tsx
app/privacy/
app/privacy/page.tsx
app/risk-disclosure/
app/risk-disclosure/page.tsx
app/signup/
app/signup/page.tsx
app/terms/
app/terms/page.tsx
components/
components/features-section.tsx
components/footer.tsx
components/header.tsx
components/hero-section.tsx
components/theme-provider.tsx
components/trading-tools-section.tsx
components/ui/
components/ui/accordion.tsx
components/ui/alert-dialog.tsx
components/ui/alert.tsx
components/ui/aspect-ratio.tsx
components/ui/avatar.tsx
components/ui/badge.tsx
components/ui/breadcrumb.tsx
components/ui/button.tsx
components/ui/calendar.tsx
components/ui/card.tsx
components/ui/carousel.tsx
components/ui/checkbox.tsx
components/ui/collapsible.tsx
components/ui/command.tsx
components/ui/context-menu.tsx
components/ui/date-range-picker.tsx
components/ui/dialog.tsx
components/ui/drawer.tsx
components/ui/dropdown-menu.tsx
components/ui/form.tsx
components/ui/hover-card.tsx
components/ui/input-otp.tsx
components/ui/input.tsx
components/ui/label.tsx
components/ui/menubar.tsx
components/ui/navigation-menu.tsx
components/ui/pagination.tsx
components/ui/popover.tsx
components/ui/progress.tsx
components/ui/radio-group.tsx
components/ui/resizable.tsx
components/ui/scroll-area.tsx
components/ui/select.tsx
components/ui/separator.tsx
components/ui/sheet.tsx
components/ui/skeleton.tsx
components/ui/slider.tsx
components/ui/sonner.tsx
components/ui/switch.tsx
components/ui/table.tsx
components/ui/tabs.tsx
components/ui/task-card.tsx
components/ui/textarea.tsx
components/ui/toast.tsx
components/ui/toaster.tsx
components/ui/toggle-group.tsx
components/ui/toggle.tsx
components/ui/tooltip.tsx
components/ui/use-toast.ts
hooks/
hooks/use-toast.ts
lib/
lib/db.ts
lib/types.ts
lib/utils.ts
lib/db/
prisma/
prisma/schema.prisma

sent 325,626 bytes  received 1,717 bytes  654,686.00 bytes/sec
total size is 319,452  speedup is 0.98
Attention: Next.js now collects completely anonymous telemetry regarding usage.
This information is used to shape Next.js' roadmap and prioritize features.
You can learn more, including how to opt-out if you'd not like to participate in this anonymous program, by visiting the following URL:
https://nextjs.org/telemetry

  ▲ Next.js 14.2.28
  - Experiments (use with caution):
    · outputFileTracingRoot

   Creating an optimized production build ...
 ✓ Compiled successfully
   Skipping linting
   Checking validity of types ...
   Collecting page data ...
   Generating static pages (0/16) ...
   Generating static pages (4/16) 
   Generating static pages (8/16) 
   Generating static pages (12/16) 
 ✓ Generating static pages (16/16)
   Finalizing page optimization ...
   Collecting build traces ...

Route (app)                              Size     First Load JS
┌ ○ /                                    7.38 kB         150 kB
├ ○ /_not-found                          873 B            88 kB
├ ○ /about                               1.85 kB         145 kB
├ ○ /blog                                1.85 kB         145 kB
├ ƒ /blog/[slug]                         1.85 kB         145 kB
├ ○ /contact                             2.31 kB         140 kB
├ ○ /demo                                2.32 kB         145 kB
├ ○ /faq                                 6.07 kB         144 kB
├ ○ /forgot-password                     2.31 kB         140 kB
├ ○ /help                                1.84 kB         139 kB
├ ○ /login                               2.06 kB         143 kB
├ ○ /privacy                             1.84 kB         139 kB
├ ○ /risk-disclosure                     1.84 kB         139 kB
├ ○ /signup                              2.06 kB         143 kB
└ ○ /terms                               1.84 kB         139 kB
+ First Load JS shared by all            87.1 kB
  ├ chunks/117-dd07c636a25f747e.js       31.6 kB
  ├ chunks/fd9d1056-31cd4e5e32ed9a2a.js  53.6 kB
  └ other shared chunks (total)          1.89 kB


○  (Static)   prerendered as static content
ƒ  (Dynamic)  server-rendered on demand

